<?xml version="1.0" encoding="UTF-8"?>
<testsuite xmlns:xsi="http://www.w3.org/2001/XMLSchema-instance" xsi:noNamespaceSchemaLocation="https://maven.apache.org/surefire/maven-surefire-plugin/xsd/surefire-test-report.xsd" name="com.fakecoders.foundation.ServiceregistryApplicationTests" time="7.424" tests="1" errors="0" skipped="0" failures="0">
  <properties>
    <property name="java.specification.version" value="17"/>
    <property name="sun.cpu.isalist" value="amd64"/>
    <property name="sun.jnu.encoding" value="Cp1252"/>
    <property name="java.class.path" value="C:\Users\lalit\Documents\workspace-spring-tool-suite-4-4.14.1.RELEASE\serviceregistry\target\test-classes;C:\Users\lalit\Documents\workspace-spring-tool-suite-4-4.14.1.RELEASE\serviceregistry\target\classes;C:\Users\lalit\checkouts\repository\org\springframework\boot\spring-boot-starter-web\2.7.13\spring-boot-starter-web-2.7.13.jar;C:\Users\lalit\checkouts\repository\org\springframework\boot\spring-boot-starter\2.7.13\spring-boot-starter-2.7.13.jar;C:\Users\lalit\checkouts\repository\org\springframework\boot\spring-boot\2.7.13\spring-boot-2.7.13.jar;C:\Users\lalit\checkouts\repository\org\springframework\boot\spring-boot-autoconfigure\2.7.13\spring-boot-autoconfigure-2.7.13.jar;C:\Users\lalit\checkouts\repository\org\springframework\boot\spring-boot-starter-logging\2.7.13\spring-boot-starter-logging-2.7.13.jar;C:\Users\lalit\checkouts\repository\ch\qos\logback\logback-classic\1.2.12\logback-classic-1.2.12.jar;C:\Users\lalit\checkouts\repository\ch\qos\logback\logback-core\1.2.12\logback-core-1.2.12.jar;C:\Users\lalit\checkouts\repository\org\apache\logging\log4j\log4j-to-slf4j\2.17.2\log4j-to-slf4j-2.17.2.jar;C:\Users\lalit\checkouts\repository\org\apache\logging\log4j\log4j-api\2.17.2\log4j-api-2.17.2.jar;C:\Users\lalit\checkouts\repository\org\slf4j\jul-to-slf4j\1.7.36\jul-to-slf4j-1.7.36.jar;C:\Users\lalit\checkouts\repository\jakarta\annotation\jakarta.annotation-api\1.3.5\jakarta.annotation-api-1.3.5.jar;C:\Users\lalit\checkouts\repository\org\yaml\snakeyaml\1.30\snakeyaml-1.30.jar;C:\Users\lalit\checkouts\repository\org\springframework\boot\spring-boot-starter-json\2.7.13\spring-boot-starter-json-2.7.13.jar;C:\Users\lalit\checkouts\repository\com\fasterxml\jackson\core\jackson-databind\2.13.5\jackson-databind-2.13.5.jar;C:\Users\lalit\checkouts\repository\com\fasterxml\jackson\core\jackson-annotations\2.13.5\jackson-annotations-2.13.5.jar;C:\Users\lalit\checkouts\repository\com\fasterxml\jackson\core\jackson-core\2.13.5\jackson-core-2.13.5.jar;C:\Users\lalit\checkouts\repository\com\fasterxml\jackson\datatype\jackson-datatype-jdk8\2.13.5\jackson-datatype-jdk8-2.13.5.jar;C:\Users\lalit\checkouts\repository\com\fasterxml\jackson\datatype\jackson-datatype-jsr310\2.13.5\jackson-datatype-jsr310-2.13.5.jar;C:\Users\lalit\checkouts\repository\com\fasterxml\jackson\module\jackson-module-parameter-names\2.13.5\jackson-module-parameter-names-2.13.5.jar;C:\Users\lalit\checkouts\repository\org\springframework\boot\spring-boot-starter-tomcat\2.7.13\spring-boot-starter-tomcat-2.7.13.jar;C:\Users\lalit\checkouts\repository\org\apache\tomcat\embed\tomcat-embed-core\9.0.76\tomcat-embed-core-9.0.76.jar;C:\Users\lalit\checkouts\repository\org\apache\tomcat\embed\tomcat-embed-el\9.0.76\tomcat-embed-el-9.0.76.jar;C:\Users\lalit\checkouts\repository\org\apache\tomcat\embed\tomcat-embed-websocket\9.0.76\tomcat-embed-websocket-9.0.76.jar;C:\Users\lalit\checkouts\repository\org\springframework\spring-web\5.3.28\spring-web-5.3.28.jar;C:\Users\lalit\checkouts\repository\org\springframework\spring-beans\5.3.28\spring-beans-5.3.28.jar;C:\Users\lalit\checkouts\repository\org\springframework\spring-webmvc\5.3.28\spring-webmvc-5.3.28.jar;C:\Users\lalit\checkouts\repository\org\springframework\spring-aop\5.3.28\spring-aop-5.3.28.jar;C:\Users\lalit\checkouts\repository\org\springframework\spring-context\5.3.28\spring-context-5.3.28.jar;C:\Users\lalit\checkouts\repository\org\springframework\spring-expression\5.3.28\spring-expression-5.3.28.jar;C:\Users\lalit\checkouts\repository\org\springframework\cloud\spring-cloud-starter\3.1.6\spring-cloud-starter-3.1.6.jar;C:\Users\lalit\checkouts\repository\org\springframework\cloud\spring-cloud-context\3.1.6\spring-cloud-context-3.1.6.jar;C:\Users\lalit\checkouts\repository\org\springframework\security\spring-security-crypto\5.7.9\spring-security-crypto-5.7.9.jar;C:\Users\lalit\checkouts\repository\org\springframework\cloud\spring-cloud-commons\3.1.6\spring-cloud-commons-3.1.6.jar;C:\Users\lalit\checkouts\repository\org\springframework\security\spring-security-rsa\1.0.11.RELEASE\spring-security-rsa-1.0.11.RELEASE.jar;C:\Users\lalit\checkouts\repository\org\bouncycastle\bcpkix-jdk15on\1.69\bcpkix-jdk15on-1.69.jar;C:\Users\lalit\checkouts\repository\org\bouncycastle\bcprov-jdk15on\1.69\bcprov-jdk15on-1.69.jar;C:\Users\lalit\checkouts\repository\org\bouncycastle\bcutil-jdk15on\1.69\bcutil-jdk15on-1.69.jar;C:\Users\lalit\checkouts\repository\org\springframework\cloud\spring-cloud-starter-netflix-eureka-server\3.1.6\spring-cloud-starter-netflix-eureka-server-3.1.6.jar;C:\Users\lalit\checkouts\repository\org\springframework\cloud\spring-cloud-netflix-eureka-server\3.1.6\spring-cloud-netflix-eureka-server-3.1.6.jar;C:\Users\lalit\checkouts\repository\org\springframework\boot\spring-boot-starter-actuator\2.7.13\spring-boot-starter-actuator-2.7.13.jar;C:\Users\lalit\checkouts\repository\org\springframework\boot\spring-boot-actuator-autoconfigure\2.7.13\spring-boot-actuator-autoconfigure-2.7.13.jar;C:\Users\lalit\checkouts\repository\org\springframework\boot\spring-boot-actuator\2.7.13\spring-boot-actuator-2.7.13.jar;C:\Users\lalit\checkouts\repository\io\micrometer\micrometer-core\1.9.12\micrometer-core-1.9.12.jar;C:\Users\lalit\checkouts\repository\org\hdrhistogram\HdrHistogram\2.1.12\HdrHistogram-2.1.12.jar;C:\Users\lalit\checkouts\repository\org\latencyutils\LatencyUtils\2.0.3\LatencyUtils-2.0.3.jar;C:\Users\lalit\checkouts\repository\org\springframework\boot\spring-boot-starter-freemarker\2.7.13\spring-boot-starter-freemarker-2.7.13.jar;C:\Users\lalit\checkouts\repository\org\freemarker\freemarker\2.3.32\freemarker-2.3.32.jar;C:\Users\lalit\checkouts\repository\org\springframework\spring-context-support\5.3.28\spring-context-support-5.3.28.jar;C:\Users\lalit\checkouts\repository\org\springframework\cloud\spring-cloud-netflix-eureka-client\3.1.6\spring-cloud-netflix-eureka-client-3.1.6.jar;C:\Users\lalit\checkouts\repository\com\netflix\eureka\eureka-client\1.10.17\eureka-client-1.10.17.jar;C:\Users\lalit\checkouts\repository\com\netflix\netflix-commons\netflix-eventbus\0.3.0\netflix-eventbus-0.3.0.jar;C:\Users\lalit\checkouts\repository\com\netflix\netflix-commons\netflix-infix\0.3.0\netflix-infix-0.3.0.jar;C:\Users\lalit\checkouts\repository\commons-jxpath\commons-jxpath\1.3\commons-jxpath-1.3.jar;C:\Users\lalit\checkouts\repository\joda-time\joda-time\2.3\joda-time-2.3.jar;C:\Users\lalit\checkouts\repository\org\antlr\antlr-runtime\3.4\antlr-runtime-3.4.jar;C:\Users\lalit\checkouts\repository\org\antlr\stringtemplate\3.2.1\stringtemplate-3.2.1.jar;C:\Users\lalit\checkouts\repository\antlr\antlr\2.7.7\antlr-2.7.7.jar;C:\Users\lalit\checkouts\repository\com\google\code\gson\gson\2.9.1\gson-2.9.1.jar;C:\Users\lalit\checkouts\repository\org\apache\commons\commons-math\2.2\commons-math-2.2.jar;C:\Users\lalit\checkouts\repository\com\thoughtworks\xstream\xstream\1.4.18\xstream-1.4.18.jar;C:\Users\lalit\checkouts\repository\io\github\x-stream\mxparser\1.2.2\mxparser-1.2.2.jar;C:\Users\lalit\checkouts\repository\xmlpull\xmlpull\1.1.3.1\xmlpull-1.1.3.1.jar;C:\Users\lalit\checkouts\repository\javax\ws\rs\jsr311-api\1.1.1\jsr311-api-1.1.1.jar;C:\Users\lalit\checkouts\repository\com\netflix\servo\servo-core\0.12.21\servo-core-0.12.21.jar;C:\Users\lalit\checkouts\repository\com\google\guava\guava\19.0\guava-19.0.jar;C:\Users\lalit\checkouts\repository\com\sun\jersey\jersey-core\1.19.1\jersey-core-1.19.1.jar;C:\Users\lalit\checkouts\repository\com\sun\jersey\contribs\jersey-apache-client4\1.19.1\jersey-apache-client4-1.19.1.jar;C:\Users\lalit\checkouts\repository\org\apache\httpcomponents\httpclient\4.5.14\httpclient-4.5.14.jar;C:\Users\lalit\checkouts\repository\org\apache\httpcomponents\httpcore\4.4.16\httpcore-4.4.16.jar;C:\Users\lalit\checkouts\repository\commons-codec\commons-codec\1.15\commons-codec-1.15.jar;C:\Users\lalit\checkouts\repository\commons-configuration\commons-configuration\1.10\commons-configuration-1.10.jar;C:\Users\lalit\checkouts\repository\commons-lang\commons-lang\2.6\commons-lang-2.6.jar;C:\Users\lalit\checkouts\repository\com\google\inject\guice\4.1.0\guice-4.1.0.jar;C:\Users\lalit\checkouts\repository\org\codehaus\jettison\jettison\1.4.0\jettison-1.4.0.jar;C:\Users\lalit\checkouts\repository\com\sun\jersey\jersey-servlet\1.19.4\jersey-servlet-1.19.4.jar;C:\Users\lalit\checkouts\repository\com\sun\jersey\jersey-server\1.19.4\jersey-server-1.19.4.jar;C:\Users\lalit\checkouts\repository\com\sun\jersey\jersey-client\1.19.4\jersey-client-1.19.4.jar;C:\Users\lalit\checkouts\repository\com\netflix\eureka\eureka-core\1.10.17\eureka-core-1.10.17.jar;C:\Users\lalit\checkouts\repository\com\fasterxml\woodstox\woodstox-core\6.2.1\woodstox-core-6.2.1.jar;C:\Users\lalit\checkouts\repository\javax\inject\javax.inject\1\javax.inject-1.jar;C:\Users\lalit\checkouts\repository\com\fasterxml\jackson\dataformat\jackson-dataformat-xml\2.13.5\jackson-dataformat-xml-2.13.5.jar;C:\Users\lalit\checkouts\repository\org\codehaus\woodstox\stax2-api\4.2.1\stax2-api-4.2.1.jar;C:\Users\lalit\checkouts\repository\org\springframework\cloud\spring-cloud-starter-loadbalancer\3.1.6\spring-cloud-starter-loadbalancer-3.1.6.jar;C:\Users\lalit\checkouts\repository\org\springframework\cloud\spring-cloud-loadbalancer\3.1.6\spring-cloud-loadbalancer-3.1.6.jar;C:\Users\lalit\checkouts\repository\io\projectreactor\reactor-core\3.4.30\reactor-core-3.4.30.jar;C:\Users\lalit\checkouts\repository\org\reactivestreams\reactive-streams\1.0.4\reactive-streams-1.0.4.jar;C:\Users\lalit\checkouts\repository\io\projectreactor\addons\reactor-extra\3.4.10\reactor-extra-3.4.10.jar;C:\Users\lalit\checkouts\repository\org\springframework\boot\spring-boot-starter-cache\2.7.13\spring-boot-starter-cache-2.7.13.jar;C:\Users\lalit\checkouts\repository\com\stoyanr\evictor\1.0.0\evictor-1.0.0.jar;C:\Users\lalit\checkouts\repository\org\glassfish\jaxb\jaxb-runtime\2.3.8\jaxb-runtime-2.3.8.jar;C:\Users\lalit\checkouts\repository\org\glassfish\jaxb\txw2\2.3.8\txw2-2.3.8.jar;C:\Users\lalit\checkouts\repository\com\sun\istack\istack-commons-runtime\3.0.12\istack-commons-runtime-3.0.12.jar;C:\Users\lalit\checkouts\repository\com\sun\activation\jakarta.activation\1.2.2\jakarta.activation-1.2.2.jar;C:\Users\lalit\checkouts\repository\org\projectlombok\lombok\1.18.28\lombok-1.18.28.jar;C:\Users\lalit\checkouts\repository\org\springframework\boot\spring-boot-starter-test\2.7.13\spring-boot-starter-test-2.7.13.jar;C:\Users\lalit\checkouts\repository\org\springframework\boot\spring-boot-test\2.7.13\spring-boot-test-2.7.13.jar;C:\Users\lalit\checkouts\repository\org\springframework\boot\spring-boot-test-autoconfigure\2.7.13\spring-boot-test-autoconfigure-2.7.13.jar;C:\Users\lalit\checkouts\repository\com\jayway\jsonpath\json-path\2.7.0\json-path-2.7.0.jar;C:\Users\lalit\checkouts\repository\net\minidev\json-smart\2.4.11\json-smart-2.4.11.jar;C:\Users\lalit\checkouts\repository\net\minidev\accessors-smart\2.4.11\accessors-smart-2.4.11.jar;C:\Users\lalit\checkouts\repository\org\ow2\asm\asm\9.3\asm-9.3.jar;C:\Users\lalit\checkouts\repository\org\slf4j\slf4j-api\1.7.36\slf4j-api-1.7.36.jar;C:\Users\lalit\checkouts\repository\jakarta\xml\bind\jakarta.xml.bind-api\2.3.3\jakarta.xml.bind-api-2.3.3.jar;C:\Users\lalit\checkouts\repository\jakarta\activation\jakarta.activation-api\1.2.2\jakarta.activation-api-1.2.2.jar;C:\Users\lalit\checkouts\repository\org\assertj\assertj-core\3.22.0\assertj-core-3.22.0.jar;C:\Users\lalit\checkouts\repository\org\hamcrest\hamcrest\2.2\hamcrest-2.2.jar;C:\Users\lalit\checkouts\repository\org\junit\jupiter\junit-jupiter\5.8.2\junit-jupiter-5.8.2.jar;C:\Users\lalit\checkouts\repository\org\junit\jupiter\junit-jupiter-api\5.8.2\junit-jupiter-api-5.8.2.jar;C:\Users\lalit\checkouts\repository\org\opentest4j\opentest4j\1.2.0\opentest4j-1.2.0.jar;C:\Users\lalit\checkouts\repository\org\junit\platform\junit-platform-commons\1.8.2\junit-platform-commons-1.8.2.jar;C:\Users\lalit\checkouts\repository\org\apiguardian\apiguardian-api\1.1.2\apiguardian-api-1.1.2.jar;C:\Users\lalit\checkouts\repository\org\junit\jupiter\junit-jupiter-params\5.8.2\junit-jupiter-params-5.8.2.jar;C:\Users\lalit\checkouts\repository\org\junit\jupiter\junit-jupiter-engine\5.8.2\junit-jupiter-engine-5.8.2.jar;C:\Users\lalit\checkouts\repository\org\junit\platform\junit-platform-engine\1.8.2\junit-platform-engine-1.8.2.jar;C:\Users\lalit\checkouts\repository\org\mockito\mockito-core\4.5.1\mockito-core-4.5.1.jar;C:\Users\lalit\checkouts\repository\net\bytebuddy\byte-buddy\1.12.23\byte-buddy-1.12.23.jar;C:\Users\lalit\checkouts\repository\net\bytebuddy\byte-buddy-agent\1.12.23\byte-buddy-agent-1.12.23.jar;C:\Users\lalit\checkouts\repository\org\objenesis\objenesis\3.2\objenesis-3.2.jar;C:\Users\lalit\checkouts\repository\org\mockito\mockito-junit-jupiter\4.5.1\mockito-junit-jupiter-4.5.1.jar;C:\Users\lalit\checkouts\repository\org\skyscreamer\jsonassert\1.5.1\jsonassert-1.5.1.jar;C:\Users\lalit\checkouts\repository\com\vaadin\external\google\android-json\0.0.20131108.vaadin1\android-json-0.0.20131108.vaadin1.jar;C:\Users\lalit\checkouts\repository\org\springframework\spring-core\5.3.28\spring-core-5.3.28.jar;C:\Users\lalit\checkouts\repository\org\springframework\spring-jcl\5.3.28\spring-jcl-5.3.28.jar;C:\Users\lalit\checkouts\repository\org\springframework\spring-test\5.3.28\spring-test-5.3.28.jar;C:\Users\lalit\checkouts\repository\org\xmlunit\xmlunit-core\2.9.1\xmlunit-core-2.9.1.jar;"/>
    <property name="java.vm.vendor" value="Oracle Corporation"/>
    <property name="sun.arch.data.model" value="64"/>
    <property name="user.variant" value=""/>
    <property name="java.vendor.url" value="https://java.oracle.com/"/>
    <property name="user.timezone" value="Asia/Calcutta"/>
    <property name="os.name" value="Windows 11"/>
    <property name="java.vm.specification.version" value="17"/>
    <property name="sun.java.launcher" value="SUN_STANDARD"/>
    <property name="user.country" value="IN"/>
    <property name="sun.boot.library.path" value="C:\Program Files\Java\jdk-17\bin"/>
    <property name="sun.java.command" value="C:\Users\lalit\AppData\Local\Temp\surefire5122459514353918412\surefirebooter12102324876043900074.jar C:\Users\lalit\AppData\Local\Temp\surefire5122459514353918412 2023-06-26T13-32-36_933-jvmRun1 surefire7270149785630923665tmp surefire_014167531164620087532tmp"/>
    <property name="jdk.debug" value="release"/>
    <property name="surefire.test.class.path" value="C:\Users\lalit\Documents\workspace-spring-tool-suite-4-4.14.1.RELEASE\serviceregistry\target\test-classes;C:\Users\lalit\Documents\workspace-spring-tool-suite-4-4.14.1.RELEASE\serviceregistry\target\classes;C:\Users\lalit\checkouts\repository\org\springframework\boot\spring-boot-starter-web\2.7.13\spring-boot-starter-web-2.7.13.jar;C:\Users\lalit\checkouts\repository\org\springframework\boot\spring-boot-starter\2.7.13\spring-boot-starter-2.7.13.jar;C:\Users\lalit\checkouts\repository\org\springframework\boot\spring-boot\2.7.13\spring-boot-2.7.13.jar;C:\Users\lalit\checkouts\repository\org\springframework\boot\spring-boot-autoconfigure\2.7.13\spring-boot-autoconfigure-2.7.13.jar;C:\Users\lalit\checkouts\repository\org\springframework\boot\spring-boot-starter-logging\2.7.13\spring-boot-starter-logging-2.7.13.jar;C:\Users\lalit\checkouts\repository\ch\qos\logback\logback-classic\1.2.12\logback-classic-1.2.12.jar;C:\Users\lalit\checkouts\repository\ch\qos\logback\logback-core\1.2.12\logback-core-1.2.12.jar;C:\Users\lalit\checkouts\repository\org\apache\logging\log4j\log4j-to-slf4j\2.17.2\log4j-to-slf4j-2.17.2.jar;C:\Users\lalit\checkouts\repository\org\apache\logging\log4j\log4j-api\2.17.2\log4j-api-2.17.2.jar;C:\Users\lalit\checkouts\repository\org\slf4j\jul-to-slf4j\1.7.36\jul-to-slf4j-1.7.36.jar;C:\Users\lalit\checkouts\repository\jakarta\annotation\jakarta.annotation-api\1.3.5\jakarta.annotation-api-1.3.5.jar;C:\Users\lalit\checkouts\repository\org\yaml\snakeyaml\1.30\snakeyaml-1.30.jar;C:\Users\lalit\checkouts\repository\org\springframework\boot\spring-boot-starter-json\2.7.13\spring-boot-starter-json-2.7.13.jar;C:\Users\lalit\checkouts\repository\com\fasterxml\jackson\core\jackson-databind\2.13.5\jackson-databind-2.13.5.jar;C:\Users\lalit\checkouts\repository\com\fasterxml\jackson\core\jackson-annotations\2.13.5\jackson-annotations-2.13.5.jar;C:\Users\lalit\checkouts\repository\com\fasterxml\jackson\core\jackson-core\2.13.5\jackson-core-2.13.5.jar;C:\Users\lalit\checkouts\repository\com\fasterxml\jackson\datatype\jackson-datatype-jdk8\2.13.5\jackson-datatype-jdk8-2.13.5.jar;C:\Users\lalit\checkouts\repository\com\fasterxml\jackson\datatype\jackson-datatype-jsr310\2.13.5\jackson-datatype-jsr310-2.13.5.jar;C:\Users\lalit\checkouts\repository\com\fasterxml\jackson\module\jackson-module-parameter-names\2.13.5\jackson-module-parameter-names-2.13.5.jar;C:\Users\lalit\checkouts\repository\org\springframework\boot\spring-boot-starter-tomcat\2.7.13\spring-boot-starter-tomcat-2.7.13.jar;C:\Users\lalit\checkouts\repository\org\apache\tomcat\embed\tomcat-embed-core\9.0.76\tomcat-embed-core-9.0.76.jar;C:\Users\lalit\checkouts\repository\org\apache\tomcat\embed\tomcat-embed-el\9.0.76\tomcat-embed-el-9.0.76.jar;C:\Users\lalit\checkouts\repository\org\apache\tomcat\embed\tomcat-embed-websocket\9.0.76\tomcat-embed-websocket-9.0.76.jar;C:\Users\lalit\checkouts\repository\org\springframework\spring-web\5.3.28\spring-web-5.3.28.jar;C:\Users\lalit\checkouts\repository\org\springframework\spring-beans\5.3.28\spring-beans-5.3.28.jar;C:\Users\lalit\checkouts\repository\org\springframework\spring-webmvc\5.3.28\spring-webmvc-5.3.28.jar;C:\Users\lalit\checkouts\repository\org\springframework\spring-aop\5.3.28\spring-aop-5.3.28.jar;C:\Users\lalit\checkouts\repository\org\springframework\spring-context\5.3.28\spring-context-5.3.28.jar;C:\Users\lalit\checkouts\repository\org\springframework\spring-expression\5.3.28\spring-expression-5.3.28.jar;C:\Users\lalit\checkouts\repository\org\springframework\cloud\spring-cloud-starter\3.1.6\spring-cloud-starter-3.1.6.jar;C:\Users\lalit\checkouts\repository\org\springframework\cloud\spring-cloud-context\3.1.6\spring-cloud-context-3.1.6.jar;C:\Users\lalit\checkouts\repository\org\springframework\security\spring-security-crypto\5.7.9\spring-security-crypto-5.7.9.jar;C:\Users\lalit\checkouts\repository\org\springframework\cloud\spring-cloud-commons\3.1.6\spring-cloud-commons-3.1.6.jar;C:\Users\lalit\checkouts\repository\org\springframework\security\spring-security-rsa\1.0.11.RELEASE\spring-security-rsa-1.0.11.RELEASE.jar;C:\Users\lalit\checkouts\repository\org\bouncycastle\bcpkix-jdk15on\1.69\bcpkix-jdk15on-1.69.jar;C:\Users\lalit\checkouts\repository\org\bouncycastle\bcprov-jdk15on\1.69\bcprov-jdk15on-1.69.jar;C:\Users\lalit\checkouts\repository\org\bouncycastle\bcutil-jdk15on\1.69\bcutil-jdk15on-1.69.jar;C:\Users\lalit\checkouts\repository\org\springframework\cloud\spring-cloud-starter-netflix-eureka-server\3.1.6\spring-cloud-starter-netflix-eureka-server-3.1.6.jar;C:\Users\lalit\checkouts\repository\org\springframework\cloud\spring-cloud-netflix-eureka-server\3.1.6\spring-cloud-netflix-eureka-server-3.1.6.jar;C:\Users\lalit\checkouts\repository\org\springframework\boot\spring-boot-starter-actuator\2.7.13\spring-boot-starter-actuator-2.7.13.jar;C:\Users\lalit\checkouts\repository\org\springframework\boot\spring-boot-actuator-autoconfigure\2.7.13\spring-boot-actuator-autoconfigure-2.7.13.jar;C:\Users\lalit\checkouts\repository\org\springframework\boot\spring-boot-actuator\2.7.13\spring-boot-actuator-2.7.13.jar;C:\Users\lalit\checkouts\repository\io\micrometer\micrometer-core\1.9.12\micrometer-core-1.9.12.jar;C:\Users\lalit\checkouts\repository\org\hdrhistogram\HdrHistogram\2.1.12\HdrHistogram-2.1.12.jar;C:\Users\lalit\checkouts\repository\org\latencyutils\LatencyUtils\2.0.3\LatencyUtils-2.0.3.jar;C:\Users\lalit\checkouts\repository\org\springframework\boot\spring-boot-starter-freemarker\2.7.13\spring-boot-starter-freemarker-2.7.13.jar;C:\Users\lalit\checkouts\repository\org\freemarker\freemarker\2.3.32\freemarker-2.3.32.jar;C:\Users\lalit\checkouts\repository\org\springframework\spring-context-support\5.3.28\spring-context-support-5.3.28.jar;C:\Users\lalit\checkouts\repository\org\springframework\cloud\spring-cloud-netflix-eureka-client\3.1.6\spring-cloud-netflix-eureka-client-3.1.6.jar;C:\Users\lalit\checkouts\repository\com\netflix\eureka\eureka-client\1.10.17\eureka-client-1.10.17.jar;C:\Users\lalit\checkouts\repository\com\netflix\netflix-commons\netflix-eventbus\0.3.0\netflix-eventbus-0.3.0.jar;C:\Users\lalit\checkouts\repository\com\netflix\netflix-commons\netflix-infix\0.3.0\netflix-infix-0.3.0.jar;C:\Users\lalit\checkouts\repository\commons-jxpath\commons-jxpath\1.3\commons-jxpath-1.3.jar;C:\Users\lalit\checkouts\repository\joda-time\joda-time\2.3\joda-time-2.3.jar;C:\Users\lalit\checkouts\repository\org\antlr\antlr-runtime\3.4\antlr-runtime-3.4.jar;C:\Users\lalit\checkouts\repository\org\antlr\stringtemplate\3.2.1\stringtemplate-3.2.1.jar;C:\Users\lalit\checkouts\repository\antlr\antlr\2.7.7\antlr-2.7.7.jar;C:\Users\lalit\checkouts\repository\com\google\code\gson\gson\2.9.1\gson-2.9.1.jar;C:\Users\lalit\checkouts\repository\org\apache\commons\commons-math\2.2\commons-math-2.2.jar;C:\Users\lalit\checkouts\repository\com\thoughtworks\xstream\xstream\1.4.18\xstream-1.4.18.jar;C:\Users\lalit\checkouts\repository\io\github\x-stream\mxparser\1.2.2\mxparser-1.2.2.jar;C:\Users\lalit\checkouts\repository\xmlpull\xmlpull\1.1.3.1\xmlpull-1.1.3.1.jar;C:\Users\lalit\checkouts\repository\javax\ws\rs\jsr311-api\1.1.1\jsr311-api-1.1.1.jar;C:\Users\lalit\checkouts\repository\com\netflix\servo\servo-core\0.12.21\servo-core-0.12.21.jar;C:\Users\lalit\checkouts\repository\com\google\guava\guava\19.0\guava-19.0.jar;C:\Users\lalit\checkouts\repository\com\sun\jersey\jersey-core\1.19.1\jersey-core-1.19.1.jar;C:\Users\lalit\checkouts\repository\com\sun\jersey\contribs\jersey-apache-client4\1.19.1\jersey-apache-client4-1.19.1.jar;C:\Users\lalit\checkouts\repository\org\apache\httpcomponents\httpclient\4.5.14\httpclient-4.5.14.jar;C:\Users\lalit\checkouts\repository\org\apache\httpcomponents\httpcore\4.4.16\httpcore-4.4.16.jar;C:\Users\lalit\checkouts\repository\commons-codec\commons-codec\1.15\commons-codec-1.15.jar;C:\Users\lalit\checkouts\repository\commons-configuration\commons-configuration\1.10\commons-configuration-1.10.jar;C:\Users\lalit\checkouts\repository\commons-lang\commons-lang\2.6\commons-lang-2.6.jar;C:\Users\lalit\checkouts\repository\com\google\inject\guice\4.1.0\guice-4.1.0.jar;C:\Users\lalit\checkouts\repository\org\codehaus\jettison\jettison\1.4.0\jettison-1.4.0.jar;C:\Users\lalit\checkouts\repository\com\sun\jersey\jersey-servlet\1.19.4\jersey-servlet-1.19.4.jar;C:\Users\lalit\checkouts\repository\com\sun\jersey\jersey-server\1.19.4\jersey-server-1.19.4.jar;C:\Users\lalit\checkouts\repository\com\sun\jersey\jersey-client\1.19.4\jersey-client-1.19.4.jar;C:\Users\lalit\checkouts\repository\com\netflix\eureka\eureka-core\1.10.17\eureka-core-1.10.17.jar;C:\Users\lalit\checkouts\repository\com\fasterxml\woodstox\woodstox-core\6.2.1\woodstox-core-6.2.1.jar;C:\Users\lalit\checkouts\repository\javax\inject\javax.inject\1\javax.inject-1.jar;C:\Users\lalit\checkouts\repository\com\fasterxml\jackson\dataformat\jackson-dataformat-xml\2.13.5\jackson-dataformat-xml-2.13.5.jar;C:\Users\lalit\checkouts\repository\org\codehaus\woodstox\stax2-api\4.2.1\stax2-api-4.2.1.jar;C:\Users\lalit\checkouts\repository\org\springframework\cloud\spring-cloud-starter-loadbalancer\3.1.6\spring-cloud-starter-loadbalancer-3.1.6.jar;C:\Users\lalit\checkouts\repository\org\springframework\cloud\spring-cloud-loadbalancer\3.1.6\spring-cloud-loadbalancer-3.1.6.jar;C:\Users\lalit\checkouts\repository\io\projectreactor\reactor-core\3.4.30\reactor-core-3.4.30.jar;C:\Users\lalit\checkouts\repository\org\reactivestreams\reactive-streams\1.0.4\reactive-streams-1.0.4.jar;C:\Users\lalit\checkouts\repository\io\projectreactor\addons\reactor-extra\3.4.10\reactor-extra-3.4.10.jar;C:\Users\lalit\checkouts\repository\org\springframework\boot\spring-boot-starter-cache\2.7.13\spring-boot-starter-cache-2.7.13.jar;C:\Users\lalit\checkouts\repository\com\stoyanr\evictor\1.0.0\evictor-1.0.0.jar;C:\Users\lalit\checkouts\repository\org\glassfish\jaxb\jaxb-runtime\2.3.8\jaxb-runtime-2.3.8.jar;C:\Users\lalit\checkouts\repository\org\glassfish\jaxb\txw2\2.3.8\txw2-2.3.8.jar;C:\Users\lalit\checkouts\repository\com\sun\istack\istack-commons-runtime\3.0.12\istack-commons-runtime-3.0.12.jar;C:\Users\lalit\checkouts\repository\com\sun\activation\jakarta.activation\1.2.2\jakarta.activation-1.2.2.jar;C:\Users\lalit\checkouts\repository\org\projectlombok\lombok\1.18.28\lombok-1.18.28.jar;C:\Users\lalit\checkouts\repository\org\springframework\boot\spring-boot-starter-test\2.7.13\spring-boot-starter-test-2.7.13.jar;C:\Users\lalit\checkouts\repository\org\springframework\boot\spring-boot-test\2.7.13\spring-boot-test-2.7.13.jar;C:\Users\lalit\checkouts\repository\org\springframework\boot\spring-boot-test-autoconfigure\2.7.13\spring-boot-test-autoconfigure-2.7.13.jar;C:\Users\lalit\checkouts\repository\com\jayway\jsonpath\json-path\2.7.0\json-path-2.7.0.jar;C:\Users\lalit\checkouts\repository\net\minidev\json-smart\2.4.11\json-smart-2.4.11.jar;C:\Users\lalit\checkouts\repository\net\minidev\accessors-smart\2.4.11\accessors-smart-2.4.11.jar;C:\Users\lalit\checkouts\repository\org\ow2\asm\asm\9.3\asm-9.3.jar;C:\Users\lalit\checkouts\repository\org\slf4j\slf4j-api\1.7.36\slf4j-api-1.7.36.jar;C:\Users\lalit\checkouts\repository\jakarta\xml\bind\jakarta.xml.bind-api\2.3.3\jakarta.xml.bind-api-2.3.3.jar;C:\Users\lalit\checkouts\repository\jakarta\activation\jakarta.activation-api\1.2.2\jakarta.activation-api-1.2.2.jar;C:\Users\lalit\checkouts\repository\org\assertj\assertj-core\3.22.0\assertj-core-3.22.0.jar;C:\Users\lalit\checkouts\repository\org\hamcrest\hamcrest\2.2\hamcrest-2.2.jar;C:\Users\lalit\checkouts\repository\org\junit\jupiter\junit-jupiter\5.8.2\junit-jupiter-5.8.2.jar;C:\Users\lalit\checkouts\repository\org\junit\jupiter\junit-jupiter-api\5.8.2\junit-jupiter-api-5.8.2.jar;C:\Users\lalit\checkouts\repository\org\opentest4j\opentest4j\1.2.0\opentest4j-1.2.0.jar;C:\Users\lalit\checkouts\repository\org\junit\platform\junit-platform-commons\1.8.2\junit-platform-commons-1.8.2.jar;C:\Users\lalit\checkouts\repository\org\apiguardian\apiguardian-api\1.1.2\apiguardian-api-1.1.2.jar;C:\Users\lalit\checkouts\repository\org\junit\jupiter\junit-jupiter-params\5.8.2\junit-jupiter-params-5.8.2.jar;C:\Users\lalit\checkouts\repository\org\junit\jupiter\junit-jupiter-engine\5.8.2\junit-jupiter-engine-5.8.2.jar;C:\Users\lalit\checkouts\repository\org\junit\platform\junit-platform-engine\1.8.2\junit-platform-engine-1.8.2.jar;C:\Users\lalit\checkouts\repository\org\mockito\mockito-core\4.5.1\mockito-core-4.5.1.jar;C:\Users\lalit\checkouts\repository\net\bytebuddy\byte-buddy\1.12.23\byte-buddy-1.12.23.jar;C:\Users\lalit\checkouts\repository\net\bytebuddy\byte-buddy-agent\1.12.23\byte-buddy-agent-1.12.23.jar;C:\Users\lalit\checkouts\repository\org\objenesis\objenesis\3.2\objenesis-3.2.jar;C:\Users\lalit\checkouts\repository\org\mockito\mockito-junit-jupiter\4.5.1\mockito-junit-jupiter-4.5.1.jar;C:\Users\lalit\checkouts\repository\org\skyscreamer\jsonassert\1.5.1\jsonassert-1.5.1.jar;C:\Users\lalit\checkouts\repository\com\vaadin\external\google\android-json\0.0.20131108.vaadin1\android-json-0.0.20131108.vaadin1.jar;C:\Users\lalit\checkouts\repository\org\springframework\spring-core\5.3.28\spring-core-5.3.28.jar;C:\Users\lalit\checkouts\repository\org\springframework\spring-jcl\5.3.28\spring-jcl-5.3.28.jar;C:\Users\lalit\checkouts\repository\org\springframework\spring-test\5.3.28\spring-test-5.3.28.jar;C:\Users\lalit\checkouts\repository\org\xmlunit\xmlunit-core\2.9.1\xmlunit-core-2.9.1.jar;"/>
    <property name="sun.cpu.endian" value="little"/>
    <property name="user.home" value="C:\Users\lalit"/>
    <property name="user.language" value="en"/>
    <property name="java.specification.vendor" value="Oracle Corporation"/>
    <property name="java.version.date" value="2023-01-17"/>
    <property name="java.home" value="C:\Program Files\Java\jdk-17"/>
    <property name="file.separator" value="\"/>
    <property name="basedir" value="C:\Users\lalit\Documents\workspace-spring-tool-suite-4-4.14.1.RELEASE\serviceregistry"/>
    <property name="java.vm.compressedOopsMode" value="Zero based"/>
    <property name="line.separator" value="&#10;"/>
    <property name="java.vm.specification.vendor" value="Oracle Corporation"/>
    <property name="java.specification.name" value="Java Platform API Specification"/>
    <property name="surefire.real.class.path" value="C:\Users\lalit\AppData\Local\Temp\surefire5122459514353918412\surefirebooter12102324876043900074.jar"/>
    <property name="user.script" value=""/>
    <property name="sun.management.compiler" value="HotSpot 64-Bit Tiered Compilers"/>
    <property name="java.runtime.version" value="17.0.6+9-LTS-190"/>
    <property name="user.name" value="lalit"/>
    <property name="path.separator" value=";"/>
    <property name="os.version" value="10.0"/>
    <property name="java.runtime.name" value="Java(TM) SE Runtime Environment"/>
    <property name="file.encoding" value="Cp1252"/>
    <property name="java.vm.name" value="Java HotSpot(TM) 64-Bit Server VM"/>
    <property name="localRepository" value="C:\Users\lalit\checkouts\repository"/>
    <property name="java.vendor.url.bug" value="https://bugreport.java.com/bugreport/"/>
    <property name="java.io.tmpdir" value="C:\Users\lalit\AppData\Local\Temp\"/>
    <property name="java.version" value="17.0.6"/>
    <property name="user.dir" value="C:\Users\lalit\Documents\workspace-spring-tool-suite-4-4.14.1.RELEASE\serviceregistry"/>
    <property name="os.arch" value="amd64"/>
    <property name="java.vm.specification.name" value="Java Virtual Machine Specification"/>
    <property name="sun.os.patch.level" value=""/>
    <property name="native.encoding" value="Cp1252"/>
    <property name="java.library.path" value="C:\Program Files\Java\jdk-17\bin;C:\WINDOWS\Sun\Java\bin;C:\WINDOWS\system32;C:\WINDOWS;C:\Program Files\Git\cmd;C:\Program Files\Common Files\Oracle\Java\javapath;C:\WINDOWS\system32;C:\WINDOWS;C:\WINDOWS\System32\Wbem;C:\WINDOWS\System32\WindowsPowerShell\v1.0\;C:\WINDOWS\System32\OpenSSH\;%JAVA_HOME%\bin;%MAVEN_HOME%\bin;C:\Program Files\Git\cmd;C:\Program Files\nodejs\;C:\Program Files\apache-maven-3.9.1\bin;;C:\Program Files\Docker\Docker\resources\bin;C:\Program Files\MySQL\MySQL Shell 8.0\bin\;C:\Users\lalit\AppData\Local\Microsoft\WindowsApps;;C:\Users\lalit\AppData\Local\Programs\Microsoft VS Code\bin;C:\Users\lalit\AppData\Roaming\npm;."/>
    <property name="java.vm.info" value="mixed mode, sharing"/>
    <property name="java.vendor" value="Oracle Corporation"/>
    <property name="java.vm.version" value="17.0.6+9-LTS-190"/>
    <property name="sun.io.unicode.encoding" value="UnicodeLittle"/>
    <property name="java.class.version" value="61.0"/>
  </properties>
  <testcase name="contextLoads" classname="com.fakecoders.foundation.ServiceregistryApplicationTests" time="0.717"/>
</testsuite>